[21:31:12] [main/INFO]: Setting user: Player937
[21:31:16] [Client thread/INFO]: LWJGL Version: 2.9.1
[21:31:29] [Client thread/INFO]: Reloading ResourceManager: Default, FMLFileResourcePack:Forge Mod Loader, FMLFileResourcePack:Minecraft Forge, FMLFileResourcePack:rpgMod, FMLFileResourcePack:Example Mod
[21:31:30] [Sound Library Loader/INFO]: Sound engine started
[21:31:34] [Client thread/INFO]: Created: 512x256 textures/blocks-atlas
[21:31:34] [Client thread/INFO]: Created: 256x256 textures/items-atlas
[21:31:35] [Client thread/INFO]: Reloading ResourceManager: Default, FMLFileResourcePack:Forge Mod Loader, FMLFileResourcePack:Minecraft Forge, FMLFileResourcePack:rpgMod, FMLFileResourcePack:Example Mod
[21:31:35] [Client thread/INFO]: Created: 512x256 textures/blocks-atlas
[21:31:36] [Client thread/INFO]: Created: 256x256 textures/items-atlas
[21:31:36] [Sound Library Loader/INFO]: Sound engine started
[21:31:46] [Server thread/INFO]: Starting integrated minecraft server version 1.7.10
[21:31:46] [Server thread/INFO]: Generating keypair
[21:31:47] [Server thread/INFO]: Preparing start region for level 0
[21:31:48] [Server thread/INFO]: Preparing spawn area: 12%
[21:31:49] [Server thread/INFO]: Preparing spawn area: 70%
[21:31:50] [Server thread/INFO]: Changing view distance to 12, from 10
[21:31:52] [Server thread/INFO]: Player937[local:E:48b223fe] logged in with entity id 383 at (19.5, 63.0, 200.5)
[21:31:52] [Server thread/INFO]: Player937 joined the game
[21:31:55] [Server thread/WARN]: Can't keep up! Did the system time change, or is the server overloaded? Running 3050ms behind, skipping 61 tick(s)
[21:32:03] [Server thread/INFO]: Player937 has just earned the achievement [Taking Inventory]
[21:32:03] [Client thread/INFO]: [CHAT] Player937 has just earned the achievement [Taking Inventory]
[21:32:45] [Client thread/INFO]: Stopping!
[21:32:45] [Server thread/INFO]: Stopping server
[21:32:45] [Server thread/INFO]: Saving players
[21:32:46] [Server thread/INFO]: Saving worlds
[21:32:46] [Server thread/INFO]: Saving chunks for level 'New World'/Overworld
[21:32:46] [Server thread/INFO]: Saving chunks for level 'New World'/Nether
[21:32:46] [Server thread/INFO]: Saving chunks for level 'New World'/The End
[21:32:46] [Client Shutdown Thread/INFO]: Stopping server
[21:32:46] [Client Shutdown Thread/INFO]: Saving players
